Arguments: 
  /Users/thiagoramalho/.nvm/versions/node/v14.15.4/bin/node /usr/local/bin/yarn run --silent husky-run pre-commit

PATH: 
  /Applications/Xcode.app/Contents/Developer/usr/libexec/git-core:/Users/thiagoramalho/.nvm/versions/node/v14.15.4/bin:/usr/local/bin:/usr/bin:/bin:/usr/sbin:/sbin:/usr/local/share/dotnet:/Library/Apple/usr/bin:/Library/Frameworks/Mono.framework/Versions/Current/Commands:/Applications/Xamarin Workbooks.app/Contents/SharedSupport/path-bin:/Users/thiagoramalho/.nvm/versions/node/v14.15.4/bin

Yarn version: 
  1.16.0

Node version: 
  14.15.4

Platform: 
  darwin x64

Trace: 
  SyntaxError: /Users/thiagoramalho/Documents/Thiago/Workspace/Firestorm/ap-frontend/package.json: Unexpected token } in JSON at position 355
      at JSON.parse (<anonymous>)
      at /usr/local/lib/node_modules/yarn/lib/cli.js:1625:59
      at Generator.next (<anonymous>)
      at step (/usr/local/lib/node_modules/yarn/lib/cli.js:304:30)
      at /usr/local/lib/node_modules/yarn/lib/cli.js:315:13

npm manifest: 
  {
    "name": "admin",
    "version": "0.1.0",
    "private": true,
    "dependencies": {
      "@nestjsx/crud-request": "^4.6.2",
      "@testing-library/jest-dom": "^5.11.4",
      "@testing-library/react": "^11.1.0",
      "@testing-library/user-event": "^12.1.10",
      "@types/jest": "^26.0.15",
      "@types/node": "^12.0.0",
      "@types/react": "^16.9.53",
      "@types/react-dom": "^16.9.8",
      "@types/uuid": "^8.3.0",
      "@typescript-eslint/eslint-plugin": "^4.8.2",
      "@typescript-eslint/parser": "^4.8.2",
      "api": "^0.0.0",
      "axios": "^0.21.0",
      "eslint-config-prettier": "^6.15.0",
      "husky": "^4.3.0",
      "lint-staged": "^10.5.2",
      "prettier": "^2.2.1",
      "prop-types": "^15.7.2",
      "ra-data-json-server": "^3.10.2",
      "react": "^17.0.1",
      "react-admin": "^3.10.2",
      "react-dom": "^17.0.1",
      "react-router-dom": "^5.2.0",
      "react-scripts": "4.0.1",
      "styled-components": "^5.2.1",
      "typescript": "^4.0.3",
      "uuid": "^8.3.2",
      "web-vitals": "^0.2.4"
    },
    "scripts": {
      "start": "react-scripts start",
      "build": "react-scripts build",
      "test": "react-scripts test",
      "eject": "react-scripts eject"
    },
    "husky": {
      "hooks": {
        "pre-commit": "lint-staged"
      }
    },
    "lint-staged": {
      "src/**/*.{js,jsx,ts,tsx,json,css,scss,md}": [
        "prettier --write"
      ]
    },
    "resolutions": {
      "styled-components": "^5"
    },
    "browserslist": {
      "production": [
        ">0.2%",
        "not dead",
        "not op_mini all"
      ],
      "development": [
        "last 1 chrome version",
        "last 1 firefox version",
        "last 1 safari version"
      ]
    },
    "devDependencies": {
      "@types/react-router-dom": "^5.1.6"
    }
  }

yarn manifest: 
  No manifest

Lockfile: 
  No lockfile
